# JRE version: OpenJDK Runtime Environment (11.0.10) (build 11.0.10+0-b96-7249189)
# Java VM: OpenJDK 64-Bit Server VM (11.0.10+0-b96-7249189, mixed mode, tiered, compressed oops, g1 gc, windows-amd64)
Heap:
 garbage-first heap   total 369664K, used 173436K [0x0000000080000000, 0x0000000100000000)
  region size 1024K, 20 young (20480K), 2 survivors (2048K)
 Metaspace       used 153580K, capacity 158916K, committed 159596K, reserved 1187840K
  class space    used 18765K, capacity 20703K, committed 21196K, reserved 1048576K
GC Heap History (20 events):
Event: 2755.422 GC heap before
{Heap before GC invocations=98 (full 0):
 garbage-first heap   total 369664K, used 151624K [0x0000000080000000, 0x0000000100000000)
  region size 1024K, 18 young (18432K), 6 survivors (6144K)
 Metaspace       used 130098K, capacity 133465K, committed 147564K, reserved 1177600K
  class space    used 15810K, capacity 17157K, committed 20172K, reserved 1048576K
}
Event: 2755.427 GC heap after
{Heap after GC invocations=99 (full 0):
 garbage-first heap   total 369664K, used 137385K [0x0000000080000000, 0x0000000100000000)
  region size 1024K, 1 young (1024K), 1 survivors (1024K)
 Metaspace       used 130098K, capacity 133465K, committed 147564K, reserved 1177600K
  class space    used 15810K, capacity 17157K, committed 20172K, reserved 1048576K
}
Event: 2755.606 GC heap before
{Heap before GC invocations=99 (full 0):
 garbage-first heap   total 369664K, used 195753K [0x0000000080000000, 0x0000000100000000)
  region size 1024K, 60 young (61440K), 1 survivors (1024K)
 Metaspace       used 130218K, capacity 133639K, committed 147564K, reserved 1177600K
  class space    used 15825K, capacity 17186K, committed 20172K, reserved 1048576K
}
Event: 2755.610 GC heap after
{Heap after GC invocations=100 (full 0):
 garbage-first heap   total 369664K, used 137322K [0x0000000080000000, 0x0000000100000000)
  region size 1024K, 1 young (1024K), 1 survivors (1024K)
 Metaspace       used 130218K, capacity 133639K, committed 147564K, reserved 1177600K
  class space    used 15825K, capacity 17186K, committed 20172K, reserved 1048576K
}
Event: 3261.475 GC heap before
{Heap before GC invocations=101 (full 0):
 garbage-first heap   total 369664K, used 337002K [0x0000000080000000, 0x0000000100000000)
  region size 1024K, 161 young (164864K), 1 survivors (1024K)
 Metaspace       used 130945K, capacity 134571K, committed 147564K, reserved 1177600K
  class space    used 15872K, capacity 17271K, committed 20172K, reserved 1048576K
}
Event: 3261.479 GC heap after
{Heap after GC invocations=102 (full 0):
 garbage-first heap   total 369664K, used 144534K [0x0000000080000000, 0x0000000100000000)
  region size 1024K, 10 young (10240K), 10 survivors (10240K)
 Metaspace       used 130945K, capacity 134571K, committed 147564K, reserved 1177600K
  class space    used 15872K, capacity 17271K, committed 20172K, reserved 1048576K
}
Event: 3261.523 GC heap before
{Heap before GC invocations=102 (full 0):
 garbage-first heap   total 369664K, used 152726K [0x0000000080000000, 0x0000000100000000)
  region size 1024K, 18 young (18432K), 10 survivors (10240K)
 Metaspace       used 130953K, capacity 134635K, committed 147564K, reserved 1177600K
  class space    used 15872K, capacity 17271K, committed 20172K, reserved 1048576K
}
Event: 3261.534 GC heap after
{Heap after GC invocations=103 (full 0):
 garbage-first heap   total 369664K, used 127535K [0x0000000080000000, 0x0000000100000000)
  region size 1024K, 3 young (3072K), 3 survivors (3072K)
 Metaspace       used 130953K, capacity 134635K, committed 147564K, reserved 1177600K
  class space    used 15872K, capacity 17271K, committed 20172K, reserved 1048576K
}
Event: 3262.234 GC heap before
{Heap before GC invocations=103 (full 0):
 garbage-first heap   total 369664K, used 167471K [0x0000000080000000, 0x0000000100000000)
  region size 1024K, 44 young (45056K), 3 survivors (3072K)
 Metaspace       used 131069K, capacity 134782K, committed 147564K, reserved 1177600K
  class space    used 15886K, capacity 17296K, committed 20172K, reserved 1048576K
}
Event: 3262.241 GC heap after
{Heap after GC invocations=104 (full 0):
 garbage-first heap   total 369664K, used 128787K [0x0000000080000000, 0x0000000100000000)
  region size 1024K, 4 young (4096K), 4 survivors (4096K)
 Metaspace       used 131069K, capacity 134782K, committed 147564K, reserved 1177600K
  class space    used 15886K, capacity 17296K, committed 20172K, reserved 1048576K
}
Event: 3263.284 GC heap before
{Heap before GC invocations=105 (full 0):
 garbage-first heap   total 369664K, used 312083K [0x0000000080000000, 0x0000000100000000)
  region size 1024K, 172 young (176128K), 4 survivors (4096K)
 Metaspace       used 140393K, capacity 144607K, committed 147564K, reserved 1177600K
  class space    used 17028K, capacity 18608K, committed 20172K, reserved 1048576K
}
Event: 3263.291 GC heap after
{Heap after GC invocations=106 (full 0):
 garbage-first heap   total 369664K, used 150605K [0x0000000080000000, 0x0000000100000000)
  region size 1024K, 21 young (21504K), 21 survivors (21504K)
 Metaspace       used 140393K, capacity 144607K, committed 147564K, reserved 1177600K
  class space    used 17028K, capacity 18608K, committed 20172K, reserved 1048576K
}
Event: 3263.304 GC heap before
{Heap before GC invocations=106 (full 0):
 garbage-first heap   total 369664K, used 151629K [0x0000000080000000, 0x0000000100000000)
  region size 1024K, 22 young (22528K), 21 survivors (21504K)
 Metaspace       used 140479K, capacity 144715K, committed 147564K, reserved 1177600K
  class space    used 17039K, capacity 18644K, committed 20172K, reserved 1048576K
}
Event: 3263.311 GC heap after
{Heap after GC invocations=107 (full 0):
 garbage-first heap   total 369664K, used 140491K [0x0000000080000000, 0x0000000100000000)
  region size 1024K, 3 young (3072K), 3 survivors (3072K)
 Metaspace       used 140479K, capacity 144715K, committed 147564K, reserved 1177600K
  class space    used 17039K, capacity 18644K, committed 20172K, reserved 1048576K
}
Event: 3316.341 GC heap before
{Heap before GC invocations=107 (full 0):
 garbage-first heap   total 369664K, used 288971K [0x0000000080000000, 0x0000000100000000)
  region size 1024K, 149 young (152576K), 3 survivors (3072K)
 Metaspace       used 143244K, capacity 147924K, committed 149612K, reserved 1179648K
  class space    used 17469K, capacity 19191K, committed 20172K, reserved 1048576K
}
Event: 3316.355 GC heap after
{Heap after GC invocations=108 (full 0):
 garbage-first heap   total 369664K, used 145617K [0x0000000080000000, 0x0000000100000000)
  region size 1024K, 10 young (10240K), 10 survivors (10240K)
 Metaspace       used 143244K, capacity 147924K, committed 149612K, reserved 1179648K
  class space    used 17469K, capacity 19191K, committed 20172K, reserved 1048576K
}
Event: 3317.301 GC heap before
{Heap before GC invocations=109 (full 0):
 garbage-first heap   total 369664K, used 307409K [0x0000000080000000, 0x0000000100000000)
  region size 1024K, 158 young (161792K), 10 survivors (10240K)
 Metaspace       used 152196K, capacity 157348K, committed 158188K, reserved 1185792K
  class space    used 18553K, capacity 20414K, committed 21068K, reserved 1048576K
}
Event: 3317.308 GC heap after
{Heap after GC invocations=110 (full 0):
 garbage-first heap   total 369664K, used 163627K [0x0000000080000000, 0x0000000100000000)
  region size 1024K, 20 young (20480K), 20 survivors (20480K)
 Metaspace       used 152196K, capacity 157348K, committed 158188K, reserved 1185792K
  class space    used 18553K, capacity 20414K, committed 21068K, reserved 1048576K
}
Event: 3317.310 GC heap before
{Heap before GC invocations=110 (full 0):
 garbage-first heap   total 369664K, used 164651K [0x0000000080000000, 0x0000000100000000)
  region size 1024K, 21 young (21504K), 20 survivors (20480K)
 Metaspace       used 152196K, capacity 157348K, committed 158188K, reserved 1185792K
  class space    used 18553K, capacity 20414K, committed 21068K, reserved 1048576K
}
Event: 3317.321 GC heap after
{Heap after GC invocations=111 (full 0):
 garbage-first heap   total 369664K, used 156028K [0x0000000080000000, 0x0000000100000000)
  region size 1024K, 2 young (2048K), 2 survivors (2048K)
 Metaspace       used 152196K, capacity 157348K, committed 158188K, reserved 1185792K
  class space    used 18553K, capacity 20414K, committed 21068K, reserved 1048576K
}

